<?xml version="1.0" encoding="UTF-8"?>
<!-- Generated by org.testng.reporters.JUnitReportReporter -->
<testsuite hostname="DESKTOP-ROILG6T" failures="0" tests="6" name="com.stackroute.product.ProductServiceApplicationTests" time="3.274" errors="0" timestamp="2023-08-11T18:40:57 IST" skipped="0">
  <testcase classname="com.stackroute.product.ProductServiceApplicationTests" name="contextLoads" time="0.027"/>
  <system-out/>
  <testcase classname="com.stackroute.product.ProductServiceApplicationTests" name="postUserTest" time="2.888"/>
  <system-out/>
  <testcase classname="com.stackroute.product.ProductServiceApplicationTests" name="getByIdUserTest" time="0.124"/>
  <system-out/>
  <testcase classname="com.stackroute.product.ProductServiceApplicationTests" name="putUserTest" time="0.054"/>
  <system-out/>
  <testcase classname="com.stackroute.product.ProductServiceApplicationTests" name="getAllUserTest" time="0.135"/>
  <system-out/>
  <testcase classname="com.stackroute.product.ProductServiceApplicationTests" name="deleteProductTest" time="0.046"/>
  <system-out/>
</testsuite> <!-- com.stackroute.product.ProductServiceApplicationTests -->
