<?xml version="1.0" encoding="UTF-8"?>
<!-- Generated by org.testng.reporters.JUnitReportReporter -->
<testsuite hostname="DESKTOP-ROILG6T" failures="0" tests="3" name="com.testing.asign2.Assign2" time="92.912" errors="0" timestamp="2023-08-18T14:56:24 IST" skipped="0">
  <testcase classname="com.testing.asign2.Assign2" name="empadd" time="45.406"/>
  <testcase classname="com.testing.asign2.Assign2" name="f" time="31.697"/>
  <testcase classname="com.testing.asign2.Assign2" name="logout" time="15.809"/>
</testsuite> <!-- com.testing.asign2.Assign2 -->
