<?xml version="1.0" encoding="UTF-8"?>
<!-- Generated by org.testng.reporters.JUnitReportReporter -->
<testsuite hostname="DESKTOP-ROILG6T" failures="0" tests="1" name="com.testing.Techlistic" time="111.409" errors="0" timestamp="2023-08-17T11:42:08 IST" skipped="0">
  <testcase classname="com.testing.Techlistic" name="f" time="111.409"/>
</testsuite> <!-- com.testing.Techlistic -->
