<?xml version="1.0" encoding="UTF-8"?>
<!-- Generated by org.testng.reporters.JUnitReportReporter -->
<testsuite hostname="DESKTOP-ROILG6T" failures="0" tests="1" name="com.testing.selenium.opencart.OpenCart" time="3.796" errors="0" timestamp="2023-08-16T14:19:26 IST" skipped="0">
  <testcase classname="com.testing.selenium.opencart.OpenCart" name="f" time="3.796"/>
</testsuite> <!-- com.testing.selenium.opencart.OpenCart -->
