<?xml version="1.0" encoding="UTF-8"?>
<!-- Generated by org.testng.reporters.JUnitReportReporter -->
<testsuite hostname="DESKTOP-ROILG6T" failures="0" tests="1" name="com.testing.selenium.WaitSel" time="5.337" errors="0" timestamp="2023-08-15T14:19:49 IST" skipped="0">
  <testcase classname="com.testing.selenium.WaitSel" name="f" time="5.337"/>
</testsuite> <!-- com.testing.selenium.WaitSel -->
