<?xml version="1.0" encoding="UTF-8"?>
<!-- Generated by org.testng.reporters.JUnitReportReporter -->
<testsuite hostname="DESKTOP-ROILG6T" failures="0" tests="6" name="com.testing.selenium.excellfile.NewTest" time="0.027" errors="0" timestamp="2023-08-18T17:20:03 IST" skipped="0">
  <testcase classname="com.testing.selenium.excellfile.NewTest" name="f" time="0.003"/>
  <testcase classname="com.testing.selenium.excellfile.NewTest" name="f" time="0.005"/>
  <testcase classname="com.testing.selenium.excellfile.NewTest" name="f" time="0.010"/>
  <testcase classname="com.testing.selenium.excellfile.NewTest" name="f" time="0.004"/>
  <testcase classname="com.testing.selenium.excellfile.NewTest" name="f" time="0.003"/>
  <testcase classname="com.testing.selenium.excellfile.NewTest" name="f" time="0.002"/>
</testsuite> <!-- com.testing.selenium.excellfile.NewTest -->
