<?xml version="1.0" encoding="UTF-8"?>
<!-- Generated by org.testng.reporters.JUnitReportReporter -->
<testsuite hostname="DESKTOP-ROILG6T" failures="0" tests="1" name="com.testing.selenium.Aug17.WindowHandle" time="11.274" errors="0" timestamp="2023-08-17T15:15:33 IST" skipped="0">
  <testcase classname="com.testing.selenium.Aug17.WindowHandle" name="f" time="11.274"/>
</testsuite> <!-- com.testing.selenium.Aug17.WindowHandle -->
