<?xml version="1.0" encoding="UTF-8"?>
<!-- Generated by org.testng.reporters.JUnitReportReporter -->
<testsuite hostname="DESKTOP-ROILG6T" failures="0" tests="1" name="com.testing.selenium.ExplicitWait" time="4.594" errors="0" timestamp="2023-08-15T14:35:32 IST" skipped="0">
  <testcase classname="com.testing.selenium.ExplicitWait" name="f" time="4.594"/>
</testsuite> <!-- com.testing.selenium.ExplicitWait -->
