<?xml version="1.0" encoding="UTF-8"?>
<!-- Generated by org.testng.reporters.JUnitReportReporter -->
<testsuite hostname="DESKTOP-ROILG6T" failures="0" tests="1" name="com.testing.selenium.MouseHover" time="18.332" errors="0" timestamp="2023-08-18T14:02:46 IST" skipped="0">
  <testcase classname="com.testing.selenium.MouseHover" name="f" time="18.332"/>
</testsuite> <!-- com.testing.selenium.MouseHover -->
