<?xml version="1.0" encoding="UTF-8"?>
<!-- Generated by org.testng.reporters.JUnitReportReporter -->
<testsuite hostname="DESKTOP-ROILG6T" failures="0" tests="1" name="com.testing.selenium.ChromeOption" time="8.765" errors="0" timestamp="2023-08-13T14:49:02 IST" skipped="0">
  <testcase classname="com.testing.selenium.ChromeOption" name="f" time="8.765"/>
</testsuite> <!-- com.testing.selenium.ChromeOption -->
