<?xml version="1.0" encoding="UTF-8"?>
<!-- Generated by org.testng.reporters.JUnitReportReporter -->
<testsuite hostname="DESKTOP-ROILG6T" failures="0" tests="1" name="com.testing.selenium.Aug17.Aug17" time="20.296" errors="0" timestamp="2023-08-17T10:00:16 IST" skipped="0">
  <testcase classname="com.testing.selenium.Aug17.Aug17" name="f" time="20.296"/>
</testsuite> <!-- com.testing.selenium.Aug17.Aug17 -->
