<?xml version="1.0" encoding="UTF-8"?>
<!-- Generated by org.testng.reporters.JUnitReportReporter -->
<testsuite hostname="DESKTOP-ROILG6T" failures="0" tests="1" name="com.testing.selenium.ProxyTest" time="7.750" errors="0" timestamp="2023-08-14T09:31:13 IST" skipped="0">
  <testcase classname="com.testing.selenium.ProxyTest" name="f" time="7.750"/>
</testsuite> <!-- com.testing.selenium.ProxyTest -->
