<?xml version="1.0" encoding="UTF-8"?>
<!-- Generated by org.testng.reporters.JUnitReportReporter -->
<testsuite hostname="DESKTOP-ROILG6T" failures="0" tests="1" name="com.testing.selenium.Aug17.AlertTest" time="4.951" errors="0" timestamp="2023-08-17T14:31:36 IST" skipped="0">
  <testcase classname="com.testing.selenium.Aug17.AlertTest" name="f" time="4.951"/>
</testsuite> <!-- com.testing.selenium.Aug17.AlertTest -->
