<?xml version="1.0" encoding="UTF-8"?>
<!-- Generated by org.testng.reporters.JUnitReportReporter -->
<testsuite hostname="DESKTOP-ROILG6T" failures="0" tests="1" name="com.testing.selenium.excellfile.FileHandle" time="1.384" errors="0" timestamp="2023-08-18T16:14:56 IST" skipped="0">
  <testcase classname="com.testing.selenium.excellfile.FileHandle" name="f" time="1.384"/>
</testsuite> <!-- com.testing.selenium.excellfile.FileHandle -->
