<?xml version="1.0" encoding="UTF-8"?>
<!-- Generated by org.testng.reporters.JUnitReportReporter -->
<testsuite hostname="DESKTOP-ROILG6T" failures="0" tests="1" name="com.testing.selenium.Aug17.TestSelect" time="5.746" errors="0" timestamp="2023-08-17T12:01:53 IST" skipped="0">
  <testcase classname="com.testing.selenium.Aug17.TestSelect" name="f" time="5.746"/>
</testsuite> <!-- com.testing.selenium.Aug17.TestSelect -->
