<?xml version="1.0" encoding="UTF-8"?>
<!-- Generated by org.testng.reporters.JUnitReportReporter -->
<testsuite hostname="DESKTOP-ROILG6T" failures="0" tests="1" name="com.testing.selenium.JavaScriptExecutor_Test" time="7.353" errors="0" timestamp="2023-08-18T11:44:50 IST" skipped="0">
  <testcase classname="com.testing.selenium.JavaScriptExecutor_Test" name="f" time="7.353"/>
</testsuite> <!-- com.testing.selenium.JavaScriptExecutor_Test -->
