<?xml version="1.0" encoding="UTF-8"?>
<!-- Generated by org.testng.reporters.JUnitReportReporter -->
<testsuite hostname="DESKTOP-ROILG6T" failures="0" tests="1" name="com.testing.selenium.Aug17.Lab5" time="11.123" errors="0" timestamp="2023-08-17T11:14:38 IST" skipped="0">
  <testcase classname="com.testing.selenium.Aug17.Lab5" name="f" time="11.123"/>
</testsuite> <!-- com.testing.selenium.Aug17.Lab5 -->
