<?xml version="1.0" encoding="UTF-8"?>
<!-- Generated by org.testng.reporters.JUnitReportReporter -->
<testsuite hostname="DESKTOP-ROILG6T" failures="0" tests="1" name="com.testing.selenium.FirstTest" time="5.676" errors="0" timestamp="2023-08-10T17:12:38 IST" skipped="0">
  <testcase classname="com.testing.selenium.FirstTest" name="mytest" time="5.676"/>
</testsuite> <!-- com.testing.selenium.FirstTest -->
