<?xml version="1.0" encoding="UTF-8"?>
<!-- Generated by org.testng.reporters.JUnitReportReporter -->
<testsuite hostname="DESKTOP-ROILG6T" failures="0" tests="1" name="com.testing.selenium.MouseHoverFlipcart" time="9.824" errors="0" timestamp="2023-08-18T12:17:52 IST" skipped="0">
  <testcase classname="com.testing.selenium.MouseHoverFlipcart" name="f" time="9.824"/>
</testsuite> <!-- com.testing.selenium.MouseHoverFlipcart -->
