<?xml version="1.0" encoding="UTF-8"?>
<!-- Generated by org.testng.reporters.JUnitReportReporter -->
<testsuite hostname="DESKTOP-ROILG6T" failures="0" tests="3" name="com.testing.asign2.Assign2" time="133.728" errors="0" timestamp="2023-08-23T13:56:17 IST" skipped="0">
  <testcase classname="com.testing.asign2.Assign2" name="empadd" time="56.906"/>
  <testcase classname="com.testing.asign2.Assign2" name="login" time="42.800"/>
  <testcase classname="com.testing.asign2.Assign2" name="logout" time="34.022"/>
</testsuite> <!-- com.testing.asign2.Assign2 -->
