<?xml version="1.0" encoding="UTF-8"?>
<!-- Generated by org.testng.reporters.JUnitReportReporter -->
<testsuite hostname="DESKTOP-ROILG6T" failures="0" tests="1" name="com.testing.Amazon" time="11.876" errors="0" timestamp="2023-08-16T18:01:08 IST" skipped="0">
  <testcase classname="com.testing.Amazon" name="f" time="11.876"/>
</testsuite> <!-- com.testing.Amazon -->
