<?xml version="1.0" encoding="UTF-8"?>
<!-- Generated by org.testng.reporters.JUnitReportReporter -->
<testsuite hostname="DESKTOP-ROILG6T" failures="0" tests="1" name="com.testing.FirstTest" time="6.163" errors="0" timestamp="2023-08-16T16:44:02 IST" skipped="0">
  <testcase classname="com.testing.FirstTest" name="f" time="6.163"/>
</testsuite> <!-- com.testing.FirstTest -->
