<?xml version="1.0" encoding="UTF-8"?>
<!-- Generated by org.testng.reporters.JUnitReportReporter -->
<testsuite hostname="DESKTOP-ROILG6T" failures="0" tests="1" name="com.testing.RestAssured.DeleteUser" time="0.542" errors="0" timestamp="2023-08-09T15:01:22 IST" skipped="0">
  <testcase classname="com.testing.RestAssured.DeleteUser" name="delUser" time="0.542"/>
</testsuite> <!-- com.testing.RestAssured.DeleteUser -->
