<?xml version="1.0" encoding="UTF-8"?>
<!-- Generated by org.testng.reporters.JUnitReportReporter -->
<testsuite hostname="DESKTOP-ROILG6T" failures="0" tests="13" name="SeleniumPOM.Assign.PageObjectModel.FacebookTest" time="169.140" errors="0" timestamp="2023-08-23T08:03:27 IST" skipped="0">
  <testcase classname="SeleniumPOM.Assign.PageObjectModel.FacebookTest" name="forgetTest" time="9.332"/>
  <testcase classname="SeleniumPOM.Assign.PageObjectModel.FacebookTest" name="forgetTest" time="9.752"/>
  <testcase classname="SeleniumPOM.Assign.PageObjectModel.FacebookTest" name="loginTest" time="6.960"/>
  <testcase classname="SeleniumPOM.Assign.PageObjectModel.FacebookTest" name="loginTest" time="9.151"/>
  <testcase classname="SeleniumPOM.Assign.PageObjectModel.FacebookTest" name="verifyRegister" time="15.431"/>
  <testcase classname="SeleniumPOM.Assign.PageObjectModel.FacebookTest" name="verifyRegister" time="15.228"/>
  <testcase classname="SeleniumPOM.Assign.PageObjectModel.FacebookTest" name="verifyRegister" time="15.486"/>
  <testcase classname="SeleniumPOM.Assign.PageObjectModel.FacebookTest" name="verifyRegister" time="12.951"/>
  <testcase classname="SeleniumPOM.Assign.PageObjectModel.FacebookTest" name="verifyRegister" time="15.104"/>
  <testcase classname="SeleniumPOM.Assign.PageObjectModel.FacebookTest" name="verifyRegister" time="13.838"/>
  <testcase classname="SeleniumPOM.Assign.PageObjectModel.FacebookTest" name="verifyRegister" time="15.328"/>
  <testcase classname="SeleniumPOM.Assign.PageObjectModel.FacebookTest" name="verifyRegister" time="15.227"/>
  <testcase classname="SeleniumPOM.Assign.PageObjectModel.FacebookTest" name="verifyRegister" time="15.352"/>
</testsuite> <!-- SeleniumPOM.Assign.PageObjectModel.FacebookTest -->
