<?xml version="1.0" encoding="UTF-8"?>
<!-- Generated by org.testng.reporters.JUnitReportReporter -->
<testsuite hostname="DESKTOP-ROILG6T" failures="0" tests="5" name="com.stackroute.product.ProductServiceApplicationTests" time="2.465" errors="0" timestamp="2023-08-11T19:13:00 IST" skipped="0">
  <testcase classname="com.stackroute.product.ProductServiceApplicationTests" name="postUserTest" time="2.206"/>
  <system-out/>
  <testcase classname="com.stackroute.product.ProductServiceApplicationTests" name="getByIdUserTest" time="0.101"/>
  <system-out/>
  <testcase classname="com.stackroute.product.ProductServiceApplicationTests" name="putUserTest" time="0.031"/>
  <system-out/>
  <testcase classname="com.stackroute.product.ProductServiceApplicationTests" name="getAllUserTest" time="0.083"/>
  <system-out/>
  <testcase classname="com.stackroute.product.ProductServiceApplicationTests" name="deleteProductTest" time="0.044"/>
  <system-out/>
</testsuite> <!-- com.stackroute.product.ProductServiceApplicationTests -->
